[Mon, 05 Dec 2022 17:33:29 +0700] [localhost] [::1] [User Notice(1024): SQLSTATE[HY000] [1049] Unknown database 'donations'] [FILE: /vendor/vinades/nukeviet/Core/Database.php] [LINE: 94]
[Mon, 05 Dec 2022 18:09:33 +0700] [localhost] [::1] [Warning(2): Undefined array key "config"] [FILE: /modules/donations/admin.menu.php] [LINE: 14] [TRACE:]
#1  LINE: 182   FILE: /admin/index.php
#2  LINE: 146   FILE: /admin/siteinfo/main.php
#3  LINE: 296   FILE: /themes/admin_default/theme.php
#4  LINE: 101   FILE: /themes/admin_default/theme.php

[Mon, 05 Dec 2022 18:09:35 +0700] [localhost] [::1] [Warning(2): Undefined array key "main"] [FILE: /modules/donations/admin/main.php] [LINE: 14] [TRACE:]
#1  LINE: 182   FILE: /admin/index.php

[Mon, 05 Dec 2022 18:12:41 +0700] [localhost] [::1] [Warning(2): file_get_contents(C:/xampp/htdocs/donations/themes/admin_default/modules/donations\add_transaction.tpl): Failed to open stream: No such file or directory] [FILE: /includes/xtemplate.class.php] [LINE: 1333] [TRACE:]
#1  LINE: 182   FILE: /admin/index.php
#2  LINE: 110   FILE: /modules/donations/admin/add_donate.php
#3  LINE: 395   FILE: /includes/xtemplate.class.php
#4  LINE: 506   FILE: /includes/xtemplate.class.php
#5  LINE: 537   FILE: /includes/xtemplate.class.php
#6  LINE: 1365  FILE: /includes/xtemplate.class.php
#7  LINE: 1333  FILE: /includes/xtemplate.class.php

[Mon, 05 Dec 2022 18:22:31 +0700] [localhost] [::1] [Error(1): Uncaught PDOException: SQLSTATE[42S02]: Base table or view not found: 1146 Table 'donations.nv4_vi_donations_chucvu' doesn't exist in C:\xampp\htdocs\donations\vendor\vinades\nukeviet\Core\Database.php:526
Stack trace:
#0 C:\xampp\htdocs\donations\vendor\vinades\nukeviet\Core\Database.php(526): PDO->query('SELECT * FROM n...', NULL)
#1 C:\xampp\htdocs\donations\modules\donations\admin\main_donate.php(25): NukeViet\Core\Database->query('SELECT * FROM n...')
#2 C:\xampp\htdocs\donations\admin\index.php(182): require('C:\\xampp\\htdocs...')
#3 {main}
  thrown] [FILE: /vendor/vinades/nukeviet/Core/Database.php] [LINE: 526]
[Mon, 05 Dec 2022 18:28:14 +0700] [localhost] [::1] [Error(1): Uncaught Error: Call to undefined function get_list_donate() in C:\xampp\htdocs\donations\modules\donations\admin\main_donate.php:30
Stack trace:
#0 C:\xampp\htdocs\donations\admin\index.php(182): require()
#1 {main}
  thrown] [FILE: /modules/donations/admin/main_donate.php] [LINE: 30]
[Mon, 05 Dec 2022 18:32:11 +0700] [localhost] [::1] [Error(1): Uncaught Error: Call to undefined function get_list_donate() in C:\xampp\htdocs\donations\modules\donations\admin\main_donate.php:29
Stack trace:
#0 C:\xampp\htdocs\donations\admin\index.php(182): require()
#1 {main}
  thrown] [FILE: /modules/donations/admin/main_donate.php] [LINE: 29]
[Mon, 05 Dec 2022 18:37:36 +0700] [localhost] [::1] [Warning(2): Undefined array key "macvu"] [FILE: /modules/donations/admin/main_donate.php] [LINE: 31] [TRACE:]
#1  LINE: 182   FILE: /admin/index.php

[Mon, 05 Dec 2022 18:37:36 +0700] [localhost] [::1] [Warning(2): Undefined array key "macvu"] [FILE: /modules/donations/admin/main_donate.php] [LINE: 32] [TRACE:]
#1  LINE: 182   FILE: /admin/index.php

[Mon, 05 Dec 2022 18:37:36 +0700] [localhost] [::1] [Run-time notices(8192): http_build_query(): Passing null to parameter #2 ($numeric_prefix) of type string is deprecated] [FILE: /vendor/vinades/nukeviet/Http/Http.php] [LINE: 215] [TRACE:]
#1  LINE: 26    FILE: /index.php
#2  LINE: 376   FILE: /includes/mainfile.php
#3  LINE: 77    FILE: /includes/core/cronjobs.php
#4  LINE: 34    FILE: /includes/cronjobs/check_version.php
#5  LINE: 284   FILE: /includes/core/admin_functions.php
#6  LINE: 733   FILE: /vendor/vinades/nukeviet/Http/Http.php
#7  LINE: 215   FILE: /vendor/vinades/nukeviet/Http/Http.php

[Mon, 05 Dec 2022 19:14:24 +0700] [localhost] [::1] [Warning(2): Undefined array key "edit_dv"] [FILE: /modules/donations/admin/edit_donate.php] [LINE: 11] [TRACE:]
#1  LINE: 182   FILE: /admin/index.php

[Mon, 05 Dec 2022 19:22:37 +0700] [localhost] [::1] [Warning(2): Undefined variable $main_donate] [FILE: /modules/donations/admin/edit_donate.php] [LINE: 116] [TRACE:]
#1  LINE: 182   FILE: /admin/index.php

[Mon, 05 Dec 2022 19:23:11 +0700] [localhost] [::1] [Warning(2): Undefined variable $ROW] [FILE: /modules/donations/admin/edit_donate.php] [LINE: 118] [TRACE:]
#1  LINE: 182   FILE: /admin/index.php

[Mon, 05 Dec 2022 19:38:54 +0700] [localhost] [::1] [Run-time notices(8192): Automatic conversion of false to array is deprecated] [FILE: /modules/donations/admin/edit_donate.php] [LINE: 39] [TRACE:]
#1  LINE: 182   FILE: /admin/index.php

[Mon, 05 Dec 2022 19:38:54 +0700] [localhost] [::1] [Error(1): Uncaught Error: Call to undefined function generateRandomString() in C:\xampp\htdocs\donations\modules\donations\admin\edit_donate.php:45
Stack trace:
#0 C:\xampp\htdocs\donations\admin\index.php(182): require()
#1 {main}
  thrown] [FILE: /modules/donations/admin/edit_donate.php] [LINE: 45]
[Mon, 05 Dec 2022 19:39:29 +0700] [localhost] [::1] [Error(1): Uncaught Error: [] operator not supported for strings in C:\xampp\htdocs\donations\modules\donations\admin\edit_donate.php:56
Stack trace:
#0 C:\xampp\htdocs\donations\admin\index.php(182): require()
#1 {main}
  thrown] [FILE: /modules/donations/admin/edit_donate.php] [LINE: 56]
[Mon, 05 Dec 2022 20:38:09 +0700] [localhost] [::1] [Run-time notices(8192): Implicit conversion from float 0.25 to int loses precision] [FILE: /vendor/tecnickcom/tc-lib-barcode/src/Type/Square/QrCode/Encoder.php] [LINE: 215] [TRACE:]
#1  LINE: 26    FILE: /index.php
#2  LINE: 271   FILE: /includes/mainfile.php
#3  LINE: 28    FILE: /includes/plugin/qrcode.php
#4  LINE: 122   FILE: /vendor/tecnickcom/tc-lib-barcode/src/Barcode.php
#5  LINE: 171   FILE: /vendor/tecnickcom/tc-lib-barcode/src/Type.php
#6  LINE: 179   FILE: /vendor/tecnickcom/tc-lib-barcode/src/Type/Square/QrCode.php
#7  LINE: 223   FILE: /vendor/tecnickcom/tc-lib-barcode/src/Type/Square/QrCode.php
#8  LINE: 169   FILE: /vendor/tecnickcom/tc-lib-barcode/src/Type/Square/QrCode/Encoder.php

[Mon, 05 Dec 2022 20:38:09 +0700] [localhost] [::1] [Run-time notices(8192): Implicit conversion from float 0.25 to int loses precision] [FILE: /vendor/tecnickcom/tc-lib-barcode/src/Type/Square/QrCode/Encoder.php] [LINE: 219] [TRACE:]
#1  LINE: 26    FILE: /index.php
#2  LINE: 271   FILE: /includes/mainfile.php
#3  LINE: 28    FILE: /includes/plugin/qrcode.php
#4  LINE: 122   FILE: /vendor/tecnickcom/tc-lib-barcode/src/Barcode.php
#5  LINE: 171   FILE: /vendor/tecnickcom/tc-lib-barcode/src/Type.php
#6  LINE: 179   FILE: /vendor/tecnickcom/tc-lib-barcode/src/Type/Square/QrCode.php
#7  LINE: 223   FILE: /vendor/tecnickcom/tc-lib-barcode/src/Type/Square/QrCode.php
#8  LINE: 169   FILE: /vendor/tecnickcom/tc-lib-barcode/src/Type/Square/QrCode/Encoder.php

[Mon, 05 Dec 2022 20:38:09 +0700] [localhost] [::1] [Run-time notices(8192): Implicit conversion from float 34.270270270270274 to int loses precision] [FILE: /vendor/tecnickcom/tc-lib-barcode/src/Type.php] [LINE: 544] [TRACE:]
#1  LINE: 26    FILE: /index.php
#2  LINE: 271   FILE: /includes/mainfile.php
#3  LINE: 30    FILE: /includes/plugin/qrcode.php
#4  LINE: 455   FILE: /vendor/tecnickcom/tc-lib-barcode/src/Type.php
#5  LINE: 481   FILE: /vendor/tecnickcom/tc-lib-barcode/src/Type.php
#6  LINE: 544   FILE: /vendor/tecnickcom/tc-lib-barcode/src/Type.php

[Mon, 05 Dec 2022 20:57:17 +0700] [localhost] [::1] [Warning(2): Undefined array key "config"] [FILE: /modules/donations/admin/main.php] [LINE: 13] [TRACE:]
#1  LINE: 182   FILE: /admin/index.php

[Mon, 05 Dec 2022 20:57:17 +0700] [localhost] [::1] [Warning(2): Undefined array key "toplip"] [FILE: /modules/donations/admin/main.php] [LINE: 96] [TRACE:]
#1  LINE: 182   FILE: /admin/index.php

[Mon, 05 Dec 2022 20:57:17 +0700] [localhost] [::1] [Warning(2): Undefined array key "search"] [FILE: /modules/donations/admin/main.php] [LINE: 97] [TRACE:]
#1  LINE: 182   FILE: /admin/index.php

[Mon, 05 Dec 2022 21:03:54 +0700] [localhost] [::1] [Error(1): Uncaught Error: Call to undefined function getDonvi() in C:\xampp\htdocs\donations\modules\donations\admin\main.php:21
Stack trace:
#0 C:\xampp\htdocs\donations\admin\index.php(182): require()
#1 {main}
  thrown] [FILE: /modules/donations/admin/main.php] [LINE: 21]
[Mon, 05 Dec 2022 21:04:21 +0700] [localhost] [::1] [Warning(2): Undefined array key "toplip"] [FILE: /modules/donations/admin/config.php] [LINE: 96] [TRACE:]
#1  LINE: 182   FILE: /admin/index.php

[Mon, 05 Dec 2022 21:04:21 +0700] [localhost] [::1] [Warning(2): Undefined array key "search"] [FILE: /modules/donations/admin/config.php] [LINE: 97] [TRACE:]
#1  LINE: 182   FILE: /admin/index.php

