[Wed, 07 Dec 2022 15:05:02 +0700] [localhost] [::1] [Notice(8): Undefined index: customer_name ] [FILE: /modules/wallet/theme.php] [LINE: 391] [TRACE:]
#1  LINE: 364   FILE: /index.php
#2  LINE: 64    FILE: /modules/wallet/funcs/historyexchange.php

[Wed, 07 Dec 2022 15:25:41 +0700] [localhost] [::1] [Notice(8): Undefined index: username] [FILE: /modules/wallet/funcs/main.php] [LINE: 76] [TRACE:]
#1  LINE: 364   FILE: /index.php

[Wed, 07 Dec 2022 15:25:41 +0700] [localhost] [::1] [Notice(8): Undefined index: email] [FILE: /modules/wallet/funcs/main.php] [LINE: 77] [TRACE:]
#1  LINE: 364   FILE: /index.php

[Wed, 07 Dec 2022 15:25:41 +0700] [localhost] [::1] [Notice(8): Undefined index: full_name] [FILE: /modules/wallet/funcs/main.php] [LINE: 78] [TRACE:]
#1  LINE: 364   FILE: /index.php

[Wed, 07 Dec 2022 16:11:35 +0700] [localhost] [::1] [Notice(8): Undefined index: userid] [FILE: /modules/wallet/funcs/historyexchange.php] [LINE: 38] [TRACE:]
#1  LINE: 364   FILE: /index.php

[Wed, 07 Dec 2022 16:11:35 +0700] [localhost] [::1] [Error(1): Uncaught PDOException: SQLSTATE[42000]: Syntax error or access violation: 1064 You have an error in your SQL syntax; check the manual that corresponds to your MariaDB server version for the right syntax to use near '' at line 1 in C:\xampp\htdocs\donate\vendor\vinades\nukeviet\Core\Database.php:529
Stack trace:
#0 C:\xampp\htdocs\donate\vendor\vinades\nukeviet\Core\Database.php(529): PDO->query('SELECT COUNT(*)...')
#1 C:\xampp\htdocs\donate\modules\wallet\funcs\historyexchange.php(41): NukeViet\Core\Database->query('SELECT COUNT(*)...')
#2 C:\xampp\htdocs\donate\index.php(364): require('C:\\xampp\\htdocs...')
#3 {main}
  thrown] [FILE: /vendor/vinades/nukeviet/Core/Database.php] [LINE: 529]
[Wed, 07 Dec 2022 16:27:49 +0700] [localhost] [::1] [Warning(2): mail(): Failed to connect to mailserver at &quot;localhost&quot; port 25, verify your &quot;SMTP&quot; and &quot;smtp_port&quot; setting in php.ini or use ini_set()] [FILE: /vendor/phpmailer/phpmailer/src/PHPMailer.php] [LINE: 874] [TRACE:]
#1  LINE: 182   FILE: /admin/index.php
#2  LINE: 150   FILE: /modules/wallet/admin/add_transaction.php
#3  LINE: 1525  FILE: /includes/functions.php
#4  LINE: 1516  FILE: /vendor/phpmailer/phpmailer/src/PHPMailer.php
#5  LINE: 1680  FILE: /vendor/phpmailer/phpmailer/src/PHPMailer.php
#6  LINE: 1959  FILE: /vendor/phpmailer/phpmailer/src/PHPMailer.php
#7  LINE: 874   FILE: /vendor/phpmailer/phpmailer/src/PHPMailer.php

[Wed, 07 Dec 2022 16:27:49 +0700] [localhost] [::1] [User Warning(512): Không dùng được các hàm gửi thư.] [FILE: /includes/functions.php] [LINE: 1532] [TRACE:]
#1  LINE: 182   FILE: /admin/index.php
#2  LINE: 150   FILE: /modules/wallet/admin/add_transaction.php
#3  LINE: 1532  FILE: /includes/functions.php

[Wed, 07 Dec 2022 16:37:50 +0700] [localhost] [::1] [Notice(8): Undefined index: customer_anonymous] [FILE: /modules/wallet/admin/transaction.php] [LINE: 114] [TRACE:]
#1  LINE: 182   FILE: /admin/index.php

[Wed, 07 Dec 2022 16:52:09 +0700] [localhost] [::1] [User Notice(1024): SQLSTATE[23000]: Integrity constraint violation: 1062 Duplicate entry '1' for key 'PRIMARY'] [FILE: /modules/wallet/language/data_vi.php] [LINE: 54] [TRACE:]
#1  LINE: 182   FILE: /admin/index.php
#2  LINE: 22    FILE: /admin/modules/recreate_mod.php
#3  LINE: 370   FILE: /admin/modules/functions.php
#4  LINE: 54    FILE: /modules/wallet/language/data_vi.php

[Wed, 07 Dec 2022 17:05:05 +0700] [localhost] [::1] [Notice(8): Undefined index: cat_manage] [FILE: /modules/wallet/admin/cat.php] [LINE: 439] [TRACE:]
#1  LINE: 182   FILE: /admin/index.php

[Wed, 07 Dec 2022 17:05:05 +0700] [localhost] [::1] [Notice(8): Undefined index: addcat_titlebox] [FILE: /modules/wallet/admin/cat.php] [LINE: 81] [TRACE:]
#1  LINE: 182   FILE: /admin/index.php

[Wed, 07 Dec 2022 17:05:05 +0700] [localhost] [::1] [Notice(8): Undefined index: category_cat_maincat] [FILE: /modules/wallet/admin/cat.php] [LINE: 161] [TRACE:]
#1  LINE: 182   FILE: /admin/index.php

[Wed, 07 Dec 2022 17:05:05 +0700] [localhost] [::1] [Error(1): Uncaught Error: Call to undefined function nv_listcats() in C:\xampp\htdocs\donate\modules\wallet\admin\cat.php:165
Stack trace:
#0 C:\xampp\htdocs\donate\admin\index.php(182): require()
#1 {main}
  thrown] [FILE: /modules/wallet/admin/cat.php] [LINE: 165]
[Wed, 07 Dec 2022 17:09:13 +0700] [localhost] [::1] [Error(1): Uncaught Error: Call to undefined function nv_fix_order() in C:\xampp\htdocs\donate\modules\wallet\admin\cat.php:142
Stack trace:
#0 C:\xampp\htdocs\donate\admin\index.php(182): require()
#1 {main}
  thrown] [FILE: /modules/wallet/admin/cat.php] [LINE: 142]
[Wed, 07 Dec 2022 17:13:00 +0700] [localhost] [::1] [Notice(8): Undefined index: error_cat1] [FILE: /modules/wallet/admin/cat.php] [LINE: 108] [TRACE:]
#1  LINE: 182   FILE: /admin/index.php

[Wed, 07 Dec 2022 17:13:00 +0700] [localhost] [::1] [Notice(8): Undefined index: groups_view] [FILE: /modules/wallet/admin/cat.php] [LINE: 166] [TRACE:]
#1  LINE: 182   FILE: /admin/index.php

[Wed, 07 Dec 2022 17:13:06 +0700] [localhost] [::1] [Notice(8): Undefined index: cat_manage] [FILE: /modules/wallet/admin/cat.php] [LINE: 438] [TRACE:]
#1  LINE: 182   FILE: /admin/index.php

[Wed, 07 Dec 2022 17:13:06 +0700] [localhost] [::1] [Notice(8): Undefined index: table_caption1] [FILE: /modules/wallet/admin/cat.php] [LINE: 462] [TRACE:]
#1  LINE: 182   FILE: /admin/index.php

[Wed, 07 Dec 2022 17:14:15 +0700] [localhost] [::1] [Notice(8): Undefined index: danhmuc] [FILE: /modules/wallet/admin.menu.php] [LINE: 139] [TRACE:]
#1  LINE: 147   FILE: /admin/index.php

[Wed, 07 Dec 2022 17:15:14 +0700] [localhost] [::1] [Notice(8): Undefined index: editcat_cat] [FILE: /modules/wallet/admin/cat.php] [LINE: 211] [TRACE:]
#1  LINE: 182   FILE: /admin/index.php

[Wed, 07 Dec 2022 17:24:42 +0700] [localhost] [::1] [Notice(8): Undefined index: table_caption2] [FILE: /modules/wallet/admin/cat.php] [LINE: 461] [TRACE:]
#1  LINE: 182   FILE: /admin/index.php

[Wed, 07 Dec 2022 17:33:50 +0700] [localhost] [::1] [Notice(8): Undefined index: tags] [FILE: /modules/wallet/admin.menu.php] [LINE: 141] [TRACE:]
#1  LINE: 147   FILE: /admin/index.php

[Wed, 07 Dec 2022 17:34:28 +0700] [localhost] [::1] [Warning(2): file_get_contents(C:/xampp/htdocs/donate/themes/admin_default/modules/wallet\tags_lists.tpl): failed to open stream: No such file or directory] [FILE: /includes/xtemplate.class.php] [LINE: 1333] [TRACE:]
#1  LINE: 182   FILE: /admin/index.php
#2  LINE: 183   FILE: /modules/wallet/admin/tags.php
#3  LINE: 49    FILE: /modules/wallet/admin/tags.php
#4  LINE: 395   FILE: /includes/xtemplate.class.php
#5  LINE: 506   FILE: /includes/xtemplate.class.php
#6  LINE: 537   FILE: /includes/xtemplate.class.php
#7  LINE: 1365  FILE: /includes/xtemplate.class.php
#8  LINE: 1333  FILE: /includes/xtemplate.class.php

[Wed, 07 Dec 2022 17:40:37 +0700] [localhost] [::1] [Notice(8): Undefined index: tag] [FILE: /modules/wallet/admin/tags.php] [LINE: 56] [TRACE:]
#1  LINE: 182   FILE: /admin/index.php
#2  LINE: 183   FILE: /modules/wallet/admin/tags.php

[Wed, 07 Dec 2022 17:40:39 +0700] [localhost] [::1] [Notice(8): Undefined index: edit_tags] [FILE: /modules/wallet/admin/tags.php] [LINE: 169] [TRACE:]
#1  LINE: 182   FILE: /admin/index.php

[Wed, 07 Dec 2022 17:44:10 +0700] [localhost] [::1] [Notice(8): Undefined index: errorsave] [FILE: /modules/wallet/admin/tags.php] [LINE: 160] [TRACE:]
#1  LINE: 182   FILE: /admin/index.php

[Wed, 07 Dec 2022 17:52:11 +0700] [localhost] [::1] [Notice(8): Undefined index: categories] [FILE: /modules/wallet/admin.menu.php] [LINE: 145] [TRACE:]
#1  LINE: 182   FILE: /admin/index.php
#2  LINE: 260   FILE: /modules/news/admin/tags.php
#3  LINE: 296   FILE: /themes/admin_default/theme.php
#4  LINE: 101   FILE: /themes/admin_default/theme.php

[Wed, 07 Dec 2022 17:52:11 +0700] [localhost] [::1] [Notice(8): Undefined index: block] [FILE: /modules/wallet/admin.menu.php] [LINE: 147] [TRACE:]
#1  LINE: 182   FILE: /admin/index.php
#2  LINE: 260   FILE: /modules/news/admin/tags.php
#3  LINE: 296   FILE: /themes/admin_default/theme.php
#4  LINE: 101   FILE: /themes/admin_default/theme.php

[Wed, 07 Dec 2022 17:52:11 +0700] [localhost] [::1] [Notice(8): Undefined index: topics] [FILE: /modules/wallet/admin.menu.php] [LINE: 148] [TRACE:]
#1  LINE: 182   FILE: /admin/index.php
#2  LINE: 260   FILE: /modules/news/admin/tags.php
#3  LINE: 296   FILE: /themes/admin_default/theme.php
#4  LINE: 101   FILE: /themes/admin_default/theme.php

[Wed, 07 Dec 2022 17:52:11 +0700] [localhost] [::1] [Notice(8): Undefined index: sources] [FILE: /modules/wallet/admin.menu.php] [LINE: 149] [TRACE:]
#1  LINE: 182   FILE: /admin/index.php
#2  LINE: 260   FILE: /modules/news/admin/tags.php
#3  LINE: 296   FILE: /themes/admin_default/theme.php
#4  LINE: 101   FILE: /themes/admin_default/theme.php

[Wed, 07 Dec 2022 17:52:11 +0700] [localhost] [::1] [Notice(8): Undefined index: author_manage] [FILE: /modules/wallet/admin.menu.php] [LINE: 150] [TRACE:]
#1  LINE: 182   FILE: /admin/index.php
#2  LINE: 260   FILE: /modules/news/admin/tags.php
#3  LINE: 296   FILE: /themes/admin_default/theme.php
#4  LINE: 101   FILE: /themes/admin_default/theme.php

[Wed, 07 Dec 2022 17:52:11 +0700] [localhost] [::1] [Notice(8): Undefined index: admin] [FILE: /modules/wallet/admin.menu.php] [LINE: 151] [TRACE:]
#1  LINE: 182   FILE: /admin/index.php
#2  LINE: 260   FILE: /modules/news/admin/tags.php
#3  LINE: 296   FILE: /themes/admin_default/theme.php
#4  LINE: 101   FILE: /themes/admin_default/theme.php

[Wed, 07 Dec 2022 17:52:11 +0700] [localhost] [::1] [Notice(8): Undefined index: setting] [FILE: /modules/wallet/admin.menu.php] [LINE: 152] [TRACE:]
#1  LINE: 182   FILE: /admin/index.php
#2  LINE: 260   FILE: /modules/news/admin/tags.php
#3  LINE: 296   FILE: /themes/admin_default/theme.php
#4  LINE: 101   FILE: /themes/admin_default/theme.php

[Wed, 07 Dec 2022 17:53:02 +0700] [localhost] [::1] [Notice(8): Undefined variable: NV_IS_ADMIN_MODULE] [FILE: /modules/wallet/admin.functions.php] [LINE: 14] [TRACE:]
#1  LINE: 150   FILE: /admin/index.php

[Wed, 07 Dec 2022 17:53:02 +0700] [localhost] [::1] [Notice(8): Undefined variable: NV_IS_ADMIN_FULL_MODULE] [FILE: /modules/wallet/admin.functions.php] [LINE: 18] [TRACE:]
#1  LINE: 150   FILE: /admin/index.php

[Wed, 07 Dec 2022 17:54:48 +0700] [localhost] [::1] [Notice(8): Undefined index: order_articles] [FILE: /modules/wallet/global.functions.php] [LINE: 23] [TRACE:]
#1  LINE: 150   FILE: /admin/index.php
#2  LINE: 22    FILE: /modules/wallet/admin.functions.php

[Wed, 07 Dec 2022 17:54:48 +0700] [localhost] [::1] [Notice(8): Undefined index: timecheckstatus] [FILE: /modules/wallet/global.functions.php] [LINE: 25] [TRACE:]
#1  LINE: 150   FILE: /admin/index.php
#2  LINE: 22    FILE: /modules/wallet/admin.functions.php

[Wed, 07 Dec 2022 18:00:20 +0700] [localhost] [::1] [User Notice(1024): PDOException Object
(
    [message:protected] => SQLSTATE[23000]: Integrity constraint violation: 1062 Duplicate entry 'vi-wallet-captcha_type' for key 'lang'
    [string:Exception:private] => 
    [code:protected] => 23000
    [file:protected] => C:\xampp\htdocs\donate\vendor\vinades\nukeviet\Core\Database.php
    [line:protected] => 529
    [trace:Exception:private] => Array
        (
            [0] => Array
                (
                    [file] => C:\xampp\htdocs\donate\vendor\vinades\nukeviet\Core\Database.php
                    [line] => 529
                    [function] => query
                    [class] => PDO
                    [type] => ->
                    [args] => Array
                        (
                            [0] => INSERT INTO nv4_config(lang, module, config_name, config_value) VALUES ('vi', 'wallet', 'captcha_type', 'captcha')
                        )

                )

            [1] => Array
                (
                    [file] => C:\xampp\htdocs\donate\admin\modules\functions.php
                    [line] => 192
                    [function] => query
                    [class] => NukeViet\Core\Database
                    [type] => ->
                    [args] => Array
                        (
                            [0] => INSERT INTO nv4_config(lang, module, config_name, config_value) VALUES ('vi', 'wallet', 'captcha_type', 'captcha')
                        )

                )

            [2] => Array
                (
                    [file] => C:\xampp\htdocs\donate\admin\modules\recreate_mod.php
                    [line] => 22
                    [function] => nv_setup_data_module
                    [args] => Array
                        (
                            [0] => vi
                            [1] => wallet
                            [2] => 1
                        )

                )

            [3] => Array
                (
                    [file] => C:\xampp\htdocs\donate\admin\index.php
                    [line] => 182
                    [args] => Array
                        (
                            [0] => C:\xampp\htdocs\donate\admin\modules\recreate_mod.php
                        )

                    [function] => require
                )

        )

    [previous:Exception:private] => 
    [errorInfo] => Array
        (
            [0] => 23000
            [1] => 1062
            [2] => Duplicate entry 'vi-wallet-captcha_type' for key 'lang'
        )

)
] [FILE: /admin/modules/functions.php] [LINE: 194] [TRACE:]
#1  LINE: 182   FILE: /admin/index.php
#2  LINE: 22    FILE: /admin/modules/recreate_mod.php
#3  LINE: 194   FILE: /admin/modules/functions.php

[Wed, 07 Dec 2022 18:00:22 +0700] [localhost] [::1] [Notice(8): Constant NV_IS_FILE_ADMIN already defined] [FILE: /modules/wallet/admin.functions.php] [LINE: 917] [TRACE:]
#1  LINE: 150   FILE: /admin/index.php
#2  LINE: 917   FILE: /modules/wallet/admin.functions.php

[Wed, 07 Dec 2022 18:02:24 +0700] [localhost] [127.0.0.1] [Notice(8): Undefined variable: NV_IS_ADMIN_MODULE] [FILE: /modules/wallet/admin.functions.php] [LINE: 14] [TRACE:]
#1  LINE: 150   FILE: /admin/index.php

[Wed, 07 Dec 2022 18:02:24 +0700] [localhost] [127.0.0.1] [Notice(8): Undefined variable: NV_IS_ADMIN_FULL_MODULE] [FILE: /modules/wallet/admin.functions.php] [LINE: 18] [TRACE:]
#1  LINE: 150   FILE: /admin/index.php

[Wed, 07 Dec 2022 18:02:24 +0700] [localhost] [127.0.0.1] [Notice(8): Constant NV_IS_FILE_ADMIN already defined] [FILE: /modules/wallet/admin.functions.php] [LINE: 917] [TRACE:]
#1  LINE: 150   FILE: /admin/index.php
#2  LINE: 917   FILE: /modules/wallet/admin.functions.php

[Wed, 07 Dec 2022 18:03:12 +0700] [localhost] [::1] [Notice(8): Constant NV_IS_FILE_ADMIN already defined] [FILE: /modules/wallet/admin.functions.php] [LINE: 910] [TRACE:]
#1  LINE: 150   FILE: /admin/index.php
#2  LINE: 910   FILE: /modules/wallet/admin.functions.php

[Wed, 07 Dec 2022 18:06:07 +0700] [localhost] [::1] [Notice(8): Undefined variable: admin_id] [FILE: /modules/wallet/admin/cat.php] [LINE: 244] [TRACE:]
#1  LINE: 182   FILE: /admin/index.php

[Wed, 07 Dec 2022 18:06:37 +0700] [localhost] [::1] [Notice(8): Undefined variable: admin_id] [FILE: /modules/wallet/admin/admins.php] [LINE: 291] [TRACE:]
#1  LINE: 182   FILE: /admin/index.php

[Wed, 07 Dec 2022 18:06:59 +0700] [localhost] [::1] [Error(1): Uncaught Error: Call to undefined function nv_array_cat_admin() in C:\xampp\htdocs\donate\modules\wallet\admin\admins.php:18
Stack trace:
#0 C:\xampp\htdocs\donate\admin\index.php(182): require()
#1 {main}
  thrown] [FILE: /modules/wallet/admin/admins.php] [LINE: 18]
[Wed, 07 Dec 2022 18:07:48 +0700] [localhost] [::1] [Notice(8): Undefined index: tag] [FILE: /modules/wallet/admin/tags.php] [LINE: 77] [TRACE:]
#1  LINE: 182   FILE: /admin/index.php
#2  LINE: 221   FILE: /modules/wallet/admin/tags.php

[Wed, 07 Dec 2022 18:08:07 +0700] [localhost] [::1] [Notice(8): Only variables should be passed by reference] [FILE: /modules/wallet/admin/tags.php] [LINE: 145] [TRACE:]
#1  LINE: 182   FILE: /admin/index.php

[Wed, 07 Dec 2022 18:08:21 +0700] [localhost] [::1] [Notice(8): Undefined index: groups] [FILE: /modules/wallet/admin.functions.php] [LINE: 481] [TRACE:]
#1  LINE: 182   FILE: /admin/index.php
#2  LINE: 106   FILE: /modules/wallet/admin/groups.php

[Wed, 07 Dec 2022 18:15:26 +0700] [localhost] [::1] [Notice(8): Undefined index: wallet] [FILE: /modules/wallet/admin/config.php] [LINE: 16] [TRACE:]
#1  LINE: 182   FILE: /admin/index.php

[Wed, 07 Dec 2022 18:15:26 +0700] [localhost] [::1] [Notice(8): Trying to access array offset on value of type null] [FILE: /modules/wallet/admin/config.php] [LINE: 105] [TRACE:]
#1  LINE: 182   FILE: /admin/index.php

[Wed, 07 Dec 2022 18:15:41 +0700] [localhost] [::1] [Notice(8): Undefined index: wallet] [FILE: /modules/wallet/global.functions.php] [LINE: 174] [TRACE:]
#1  LINE: 182   FILE: /admin/index.php
#2  LINE: 15    FILE: /modules/wallet/admin/transaction.php

[Wed, 07 Dec 2022 18:15:57 +0700] [localhost] [::1] [Notice(8): Undefined index: wallet] [FILE: /modules/wallet/global.functions.php] [LINE: 54] [TRACE:]
#1  LINE: 182   FILE: /admin/index.php
#2  LINE: 15    FILE: /modules/wallet/admin/transaction.php

[Wed, 07 Dec 2022 18:25:56 +0700] [localhost] [::1] [Notice(8): Undefined variable: global_code_defined] [FILE: /modules/wallet/functions.php] [LINE: 25] [TRACE:]
#1  LINE: 344   FILE: /index.php

[Wed, 07 Dec 2022 18:25:56 +0700] [localhost] [::1] [Warning(2): implode(): Invalid arguments passed] [FILE: /modules/wallet/functions.php] [LINE: 25] [TRACE:]
#1  LINE: 344   FILE: /index.php
#2  LINE: 25    FILE: /modules/wallet/functions.php

